This file contains any messages produced by compilers while
running configure, to aid debugging if configure makes a mistake.

It was created by newlib configure 2.0.0, which was
generated by GNU Autoconf 2.68.  Invocation command line was

  $ /home/a/code/bmos/newlib/newlib-2.0.0/newlib/configure --cache-file=./config.cache --with-newlib --with-cross-host=x86_64-unknown-linux-gnu --disable-multilib --program-transform-name=s&^&x86_64-pc-baremetal-& --disable-option-checking --with-target-subdir=x86_64-pc-baremetal --build=x86_64-unknown-linux-gnu --host=x86_64-pc-baremetal --target=x86_64-pc-baremetal --srcdir=../../../newlib-2.0.0/newlib

## --------- ##
## Platform. ##
## --------- ##

hostname = nid
uname -m = x86_64
uname -r = 3.8.0-21-generic
uname -s = Linux
uname -v = #32-Ubuntu SMP Tue May 14 22:16:46 UTC 2013

/usr/bin/uname -p = unknown
/bin/uname -X     = unknown

/bin/arch              = unknown
/usr/bin/arch -k       = unknown
/usr/convex/getsysinfo = unknown
/usr/bin/hostinfo      = unknown
/bin/machine           = unknown
/usr/bin/oslevel       = unknown
/bin/universe          = unknown

PATH: /usr/lib/lightdm/lightdm
PATH: /usr/local/sbin
PATH: /usr/local/bin
PATH: /usr/sbin
PATH: /usr/bin
PATH: /sbin
PATH: /bin
PATH: /usr/games
PATH: /usr/local/games


## ----------- ##
## Core tests. ##
## ----------- ##

configure:2117: creating cache ./config.cache
configure:2403: checking build system type
configure:2417: result: x86_64-unknown-linux-gnu
configure:2437: checking host system type
configure:2450: result: x86_64-pc-baremetal
configure:2486: checking for a BSD-compatible install
configure:2554: result: /usr/bin/install -c
configure:2565: checking whether build environment is sane
configure:2615: result: yes
configure:2664: checking for x86_64-pc-baremetal-strip
configure:2691: result: strip
configure:2756: checking for a thread-safe mkdir -p
configure:2795: result: /bin/mkdir -p
configure:2808: checking for gawk
configure:2835: result: mawk
configure:2846: checking whether make sets $(MAKE)
configure:2868: result: yes
configure:2898: checking for style of include used by make
configure:2926: result: GNU
configure:3136: checking for gcc
configure:3163: result: cc -B/home/a/code/bmos/newlib/build/x86_64-pc-baremetal/newlib/ -isystem /home/a/code/bmos/newlib/build/x86_64-pc-baremetal/newlib/targ-include -isystem /home/a/code/bmos/newlib/newlib-2.0.0/newlib/libc/include -B/home/a/code/bmos/newlib/build/x86_64-pc-baremetal/libgloss/x86_64 -L/home/a/code/bmos/newlib/build/x86_64-pc-baremetal/libgloss/libnosys -L/home/a/code/bmos/newlib/newlib-2.0.0/libgloss/x86_64   
configure:3174: checking dependency style of cc -B/home/a/code/bmos/newlib/build/x86_64-pc-baremetal/newlib/ -isystem /home/a/code/bmos/newlib/build/x86_64-pc-baremetal/newlib/targ-include -isystem /home/a/code/bmos/newlib/newlib-2.0.0/newlib/libc/include -B/home/a/code/bmos/newlib/build/x86_64-pc-baremetal/libgloss/x86_64 -L/home/a/code/bmos/newlib/build/x86_64-pc-baremetal/libgloss/libnosys -L/home/a/code/bmos/newlib/newlib-2.0.0/libgloss/x86_64   
configure:3285: result: gcc3
configure:3358: checking whether we are using GNU C
configure:3369: cc -B/home/a/code/bmos/newlib/build/x86_64-pc-baremetal/newlib/ -isystem /home/a/code/bmos/newlib/build/x86_64-pc-baremetal/newlib/targ-include -isystem /home/a/code/bmos/newlib/newlib-2.0.0/newlib/libc/include -B/home/a/code/bmos/newlib/build/x86_64-pc-baremetal/libgloss/x86_64 -L/home/a/code/bmos/newlib/build/x86_64-pc-baremetal/libgloss/libnosys -L/home/a/code/bmos/newlib/newlib-2.0.0/libgloss/x86_64    -E conftest.c
configure:3372: $? = 0
configure:3379: result: yes
configure:3388: checking whether cc -B/home/a/code/bmos/newlib/build/x86_64-pc-baremetal/newlib/ -isystem /home/a/code/bmos/newlib/build/x86_64-pc-baremetal/newlib/targ-include -isystem /home/a/code/bmos/newlib/newlib-2.0.0/newlib/libc/include -B/home/a/code/bmos/newlib/build/x86_64-pc-baremetal/libgloss/x86_64 -L/home/a/code/bmos/newlib/build/x86_64-pc-baremetal/libgloss/libnosys -L/home/a/code/bmos/newlib/newlib-2.0.0/libgloss/x86_64    accepts -g
configure:3408: cc -B/home/a/code/bmos/newlib/build/x86_64-pc-baremetal/newlib/ -isystem /home/a/code/bmos/newlib/build/x86_64-pc-baremetal/newlib/targ-include -isystem /home/a/code/bmos/newlib/newlib-2.0.0/newlib/libc/include -B/home/a/code/bmos/newlib/build/x86_64-pc-baremetal/libgloss/x86_64 -L/home/a/code/bmos/newlib/build/x86_64-pc-baremetal/libgloss/libnosys -L/home/a/code/bmos/newlib/newlib-2.0.0/libgloss/x86_64    -c -g  conftest.c >&5
configure:3408: $? = 0
configure: failed program was:
| /* confdefs.h */
| #define PACKAGE_NAME "newlib"
| #define PACKAGE_TARNAME "newlib"
| #define PACKAGE_VERSION "2.0.0"
| #define PACKAGE_STRING "newlib 2.0.0"
| #define PACKAGE_BUGREPORT ""
| #define PACKAGE_URL ""
| /* end confdefs.h.  */
| 
| int
| main ()
| {
| 
|   ;
|   return 0;
| }
configure:3423: cc -B/home/a/code/bmos/newlib/build/x86_64-pc-baremetal/newlib/ -isystem /home/a/code/bmos/newlib/build/x86_64-pc-baremetal/newlib/targ-include -isystem /home/a/code/bmos/newlib/newlib-2.0.0/newlib/libc/include -B/home/a/code/bmos/newlib/build/x86_64-pc-baremetal/libgloss/x86_64 -L/home/a/code/bmos/newlib/build/x86_64-pc-baremetal/libgloss/libnosys -L/home/a/code/bmos/newlib/newlib-2.0.0/libgloss/x86_64    -c   conftest.c >&5
configure:3423: $? = 0
configure: failed program was:
| /* confdefs.h */
| #define PACKAGE_NAME "newlib"
| #define PACKAGE_TARNAME "newlib"
| #define PACKAGE_VERSION "2.0.0"
| #define PACKAGE_STRING "newlib 2.0.0"
| #define PACKAGE_BUGREPORT ""
| #define PACKAGE_URL ""
| /* end confdefs.h.  */
| 
| int
| main ()
| {
| 
|   ;
|   return 0;
| }
configure:3439: cc -B/home/a/code/bmos/newlib/build/x86_64-pc-baremetal/newlib/ -isystem /home/a/code/bmos/newlib/build/x86_64-pc-baremetal/newlib/targ-include -isystem /home/a/code/bmos/newlib/newlib-2.0.0/newlib/libc/include -B/home/a/code/bmos/newlib/build/x86_64-pc-baremetal/libgloss/x86_64 -L/home/a/code/bmos/newlib/build/x86_64-pc-baremetal/libgloss/libnosys -L/home/a/code/bmos/newlib/newlib-2.0.0/libgloss/x86_64    -c -g  conftest.c >&5
configure:3439: $? = 0
configure: failed program was:
| /* confdefs.h */
| #define PACKAGE_NAME "newlib"
| #define PACKAGE_TARNAME "newlib"
| #define PACKAGE_VERSION "2.0.0"
| #define PACKAGE_STRING "newlib 2.0.0"
| #define PACKAGE_BUGREPORT ""
| #define PACKAGE_URL ""
| /* end confdefs.h.  */
| 
| int
| main ()
| {
| 
|   ;
|   return 0;
| }
configure:3449: result: no
configure:3482: checking for x86_64-pc-baremetal-as
configure:3509: result: as
configure:3574: checking for x86_64-pc-baremetal-ar
configure:3601: result: ar
configure:3666: checking for x86_64-pc-baremetal-ranlib
configure:3693: result: ranlib
configure:3758: checking for x86_64-pc-baremetal-readelf
configure:3785: result: readelf
configure:3854: checking whether to enable maintainer-specific portions of Makefiles
configure:3863: result: no
configure:3973: checking for a sed that does not truncate output
configure:4037: result: /bin/sed
configure:4059: checking how to print strings
configure:4086: result: printf
configure:4111: checking for gawk
configure:4138: result: mawk
configure:12375: checking for .preinit_array/.init_array/.fini_array support
configure:12388: cc -B/home/a/code/bmos/newlib/build/x86_64-pc-baremetal/newlib/ -isystem /home/a/code/bmos/newlib/build/x86_64-pc-baremetal/newlib/targ-include -isystem /home/a/code/bmos/newlib/newlib-2.0.0/newlib/libc/include -B/home/a/code/bmos/newlib/build/x86_64-pc-baremetal/libgloss/x86_64 -L/home/a/code/bmos/newlib/build/x86_64-pc-baremetal/libgloss/libnosys -L/home/a/code/bmos/newlib/newlib-2.0.0/libgloss/x86_64    -g -O2  -c -o conftest conftest.c
							1>&5
configure:12391: $? = 0
configure:12404: result: yes
configure:12414: checking whether long double type exists
configure:12434: cc -B/home/a/code/bmos/newlib/build/x86_64-pc-baremetal/newlib/ -isystem /home/a/code/bmos/newlib/build/x86_64-pc-baremetal/newlib/targ-include -isystem /home/a/code/bmos/newlib/newlib-2.0.0/newlib/libc/include -B/home/a/code/bmos/newlib/build/x86_64-pc-baremetal/libgloss/x86_64 -L/home/a/code/bmos/newlib/build/x86_64-pc-baremetal/libgloss/libnosys -L/home/a/code/bmos/newlib/newlib-2.0.0/libgloss/x86_64    -g -O2  -c -o conftest.o conftest.c
							1>&5
configure:12437: $? = 0
configure:12446: result: yes
configure:12463: checking whether long double equals double
configure:12479: cc -B/home/a/code/bmos/newlib/build/x86_64-pc-baremetal/newlib/ -isystem /home/a/code/bmos/newlib/build/x86_64-pc-baremetal/newlib/targ-include -isystem /home/a/code/bmos/newlib/newlib-2.0.0/newlib/libc/include -B/home/a/code/bmos/newlib/build/x86_64-pc-baremetal/libgloss/x86_64 -L/home/a/code/bmos/newlib/build/x86_64-pc-baremetal/libgloss/libnosys -L/home/a/code/bmos/newlib/newlib-2.0.0/libgloss/x86_64    -g -O2  -c -o conftest.o conftest.c
							1>&5
conftest.c:5:4: error: #error "LDBL != DBL"
configure:12482: $? = 1
configure:12491: result: no
configure:12569: updating cache ./config.cache
configure:12682: creating ./config.status

## ---------------------- ##
## Running config.status. ##
## ---------------------- ##

This file was extended by newlib config.status 2.0.0, which was
generated by GNU Autoconf 2.68.  Invocation command line was

  CONFIG_FILES    = 
  CONFIG_HEADERS  = 
  CONFIG_LINKS    = 
  CONFIG_COMMANDS = 
  $ ./config.status 

on nid

config.status:1138: creating Makefile
config.status:1138: creating newlib.h
config.status:1352: executing depfiles commands
configure:15001: === configuring in libc (/home/a/code/bmos/newlib/build/x86_64-pc-baremetal/newlib/libc)
configure:15064: running /bin/bash ../../../../newlib-2.0.0/newlib/libc/configure --disable-option-checking '--prefix=/usr/local'  '--with-newlib' '--with-cross-host=x86_64-unknown-linux-gnu' '--disable-multilib' '--program-transform-name=s&^&x86_64-pc-baremetal-&' '--with-target-subdir=x86_64-pc-baremetal' '--build=x86_64-unknown-linux-gnu' '--host=x86_64-pc-baremetal' '--target=x86_64-pc-baremetal' 'build_alias=x86_64-unknown-linux-gnu' 'host_alias=x86_64-pc-baremetal' 'target_alias=x86_64-pc-baremetal' 'CC=cc -B/home/a/code/bmos/newlib/build/x86_64-pc-baremetal/newlib/ -isystem /home/a/code/bmos/newlib/build/x86_64-pc-baremetal/newlib/targ-include -isystem /home/a/code/bmos/newlib/newlib-2.0.0/newlib/libc/include -B/home/a/code/bmos/newlib/build/x86_64-pc-baremetal/libgloss/x86_64 -L/home/a/code/bmos/newlib/build/x86_64-pc-baremetal/libgloss/libnosys -L/home/a/code/bmos/newlib/newlib-2.0.0/libgloss/x86_64   ' 'CFLAGS=-g -O2' 'LDFLAGS=' 'CPPFLAGS=' --cache-file=.././config.cache --srcdir=../../../../newlib-2.0.0/newlib/libc
configure:15001: === configuring in libm (/home/a/code/bmos/newlib/build/x86_64-pc-baremetal/newlib/libm)
configure:15064: running /bin/bash ../../../../newlib-2.0.0/newlib/libm/configure --disable-option-checking '--prefix=/usr/local'  '--with-newlib' '--with-cross-host=x86_64-unknown-linux-gnu' '--disable-multilib' '--program-transform-name=s&^&x86_64-pc-baremetal-&' '--with-target-subdir=x86_64-pc-baremetal' '--build=x86_64-unknown-linux-gnu' '--host=x86_64-pc-baremetal' '--target=x86_64-pc-baremetal' 'build_alias=x86_64-unknown-linux-gnu' 'host_alias=x86_64-pc-baremetal' 'target_alias=x86_64-pc-baremetal' 'CC=cc -B/home/a/code/bmos/newlib/build/x86_64-pc-baremetal/newlib/ -isystem /home/a/code/bmos/newlib/build/x86_64-pc-baremetal/newlib/targ-include -isystem /home/a/code/bmos/newlib/newlib-2.0.0/newlib/libc/include -B/home/a/code/bmos/newlib/build/x86_64-pc-baremetal/libgloss/x86_64 -L/home/a/code/bmos/newlib/build/x86_64-pc-baremetal/libgloss/libnosys -L/home/a/code/bmos/newlib/newlib-2.0.0/libgloss/x86_64   ' 'CFLAGS=-g -O2' 'LDFLAGS=' 'CPPFLAGS=' --cache-file=.././config.cache --srcdir=../../../../newlib-2.0.0/newlib/libm
configure:15001: === configuring in doc (/home/a/code/bmos/newlib/build/x86_64-pc-baremetal/newlib/doc)
configure:15064: running /bin/bash ../../../../newlib-2.0.0/newlib/doc/configure --disable-option-checking '--prefix=/usr/local'  '--with-newlib' '--with-cross-host=x86_64-unknown-linux-gnu' '--disable-multilib' '--program-transform-name=s&^&x86_64-pc-baremetal-&' '--with-target-subdir=x86_64-pc-baremetal' '--build=x86_64-unknown-linux-gnu' '--host=x86_64-pc-baremetal' '--target=x86_64-pc-baremetal' 'build_alias=x86_64-unknown-linux-gnu' 'host_alias=x86_64-pc-baremetal' 'target_alias=x86_64-pc-baremetal' 'CC=cc -B/home/a/code/bmos/newlib/build/x86_64-pc-baremetal/newlib/ -isystem /home/a/code/bmos/newlib/build/x86_64-pc-baremetal/newlib/targ-include -isystem /home/a/code/bmos/newlib/newlib-2.0.0/newlib/libc/include -B/home/a/code/bmos/newlib/build/x86_64-pc-baremetal/libgloss/x86_64 -L/home/a/code/bmos/newlib/build/x86_64-pc-baremetal/libgloss/libnosys -L/home/a/code/bmos/newlib/newlib-2.0.0/libgloss/x86_64   ' 'CFLAGS=-g -O2' 'LDFLAGS=' 'CPPFLAGS=' --cache-file=.././config.cache --srcdir=../../../../newlib-2.0.0/newlib/doc

## ---------------- ##
## Cache variables. ##
## ---------------- ##

ac_cv_build=x86_64-unknown-linux-gnu
ac_cv_c_compiler_gnu=yes
ac_cv_env_CCASFLAGS_set=
ac_cv_env_CCASFLAGS_value=
ac_cv_env_CCAS_set=
ac_cv_env_CCAS_value=
ac_cv_env_CC_set=set
ac_cv_env_CC_value='cc -B/home/a/code/bmos/newlib/build/x86_64-pc-baremetal/newlib/ -isystem /home/a/code/bmos/newlib/build/x86_64-pc-baremetal/newlib/targ-include -isystem /home/a/code/bmos/newlib/newlib-2.0.0/newlib/libc/include -B/home/a/code/bmos/newlib/build/x86_64-pc-baremetal/libgloss/x86_64 -L/home/a/code/bmos/newlib/build/x86_64-pc-baremetal/libgloss/libnosys -L/home/a/code/bmos/newlib/newlib-2.0.0/libgloss/x86_64   '
ac_cv_env_CFLAGS_set=set
ac_cv_env_CFLAGS_value='-g -O2'
ac_cv_env_CPPFLAGS_set=set
ac_cv_env_CPPFLAGS_value=
ac_cv_env_CPP_set=
ac_cv_env_CPP_value=
ac_cv_env_LDFLAGS_set=set
ac_cv_env_LDFLAGS_value=
ac_cv_env_LIBS_set=
ac_cv_env_LIBS_value=
ac_cv_env_build_alias_set=set
ac_cv_env_build_alias_value=x86_64-unknown-linux-gnu
ac_cv_env_host_alias_set=set
ac_cv_env_host_alias_value=x86_64-pc-baremetal
ac_cv_env_target_alias_set=set
ac_cv_env_target_alias_value=x86_64-pc-baremetal
ac_cv_host=x86_64-pc-baremetal
ac_cv_path_SED=/bin/sed
ac_cv_path_mkdir=/bin/mkdir
ac_cv_prog_AR=ar
ac_cv_prog_AS=as
ac_cv_prog_AWK=mawk
ac_cv_prog_CC='cc -B/home/a/code/bmos/newlib/build/x86_64-pc-baremetal/newlib/ -isystem /home/a/code/bmos/newlib/build/x86_64-pc-baremetal/newlib/targ-include -isystem /home/a/code/bmos/newlib/newlib-2.0.0/newlib/libc/include -B/home/a/code/bmos/newlib/build/x86_64-pc-baremetal/libgloss/x86_64 -L/home/a/code/bmos/newlib/build/x86_64-pc-baremetal/libgloss/libnosys -L/home/a/code/bmos/newlib/newlib-2.0.0/libgloss/x86_64   '
ac_cv_prog_RANLIB=ranlib
ac_cv_prog_READELF=readelf
ac_cv_prog_STRIP=strip
ac_cv_prog_cc_g=no
ac_cv_prog_make_make_set=yes
acnewlib_cv_type_long_double=yes
am_cv_CC_dependencies_compiler_type=gcc3
libc_cv_initfinit_array=yes
newlib_cv_ldbl_eq_dbl=no

## ----------------- ##
## Output variables. ##
## ----------------- ##

ACLOCAL='${SHELL} /home/a/code/bmos/newlib/newlib-2.0.0/missing --run aclocal-1.11'
AMDEPBACKSLASH='\'
AMDEP_FALSE='#'
AMDEP_TRUE=''
AMTAR='$${TAR-tar}'
AR='ar'
AS='as'
AUTOCONF='${SHELL} /home/a/code/bmos/newlib/newlib-2.0.0/missing --run autoconf'
AUTOHEADER='${SHELL} /home/a/code/bmos/newlib/newlib-2.0.0/missing --run autoheader'
AUTOMAKE='${SHELL} /home/a/code/bmos/newlib/newlib-2.0.0/missing --run automake-1.11'
AWK='mawk'
CC='cc -B/home/a/code/bmos/newlib/build/x86_64-pc-baremetal/newlib/ -isystem /home/a/code/bmos/newlib/build/x86_64-pc-baremetal/newlib/targ-include -isystem /home/a/code/bmos/newlib/newlib-2.0.0/newlib/libc/include -B/home/a/code/bmos/newlib/build/x86_64-pc-baremetal/libgloss/x86_64 -L/home/a/code/bmos/newlib/build/x86_64-pc-baremetal/libgloss/libnosys -L/home/a/code/bmos/newlib/newlib-2.0.0/libgloss/x86_64   '
CCAS='cc -B/home/a/code/bmos/newlib/build/x86_64-pc-baremetal/newlib/ -isystem /home/a/code/bmos/newlib/build/x86_64-pc-baremetal/newlib/targ-include -isystem /home/a/code/bmos/newlib/newlib-2.0.0/newlib/libc/include -B/home/a/code/bmos/newlib/build/x86_64-pc-baremetal/libgloss/x86_64 -L/home/a/code/bmos/newlib/build/x86_64-pc-baremetal/libgloss/libnosys -L/home/a/code/bmos/newlib/newlib-2.0.0/libgloss/x86_64   '
CCASFLAGS='-g -O2'
CCDEPMODE='depmode=gcc3'
CC_FOR_BUILD='gcc'
CC_FOR_NEWLIB='cc -B/home/a/code/bmos/newlib/build/x86_64-pc-baremetal/newlib/ -isystem /home/a/code/bmos/newlib/build/x86_64-pc-baremetal/newlib/targ-include -isystem /home/a/code/bmos/newlib/newlib-2.0.0/newlib/libc/include -B/home/a/code/bmos/newlib/build/x86_64-pc-baremetal/libgloss/x86_64 -L/home/a/code/bmos/newlib/build/x86_64-pc-baremetal/libgloss/libnosys -L/home/a/code/bmos/newlib/newlib-2.0.0/libgloss/x86_64   '
CFLAGS='-g -O2'
CPP=''
CPPFLAGS=''
CRT0='crt0.o'
CRT0_DIR='libc/'
CRT1=''
CRT1_DIR=''
CYGPATH_W='echo'
DEFS='-DHAVE_CONFIG_H'
DEPDIR='.deps'
DLLTOOL='dlltool'
DSYMUTIL=''
DUMPBIN=''
ECHO_C=''
ECHO_N='-n'
ECHO_T=''
EGREP=''
ELIX_LEVEL_0_FALSE='#'
ELIX_LEVEL_0_TRUE=''
ELIX_LEVEL_1_FALSE=''
ELIX_LEVEL_1_TRUE='#'
ELIX_LEVEL_2_FALSE=''
ELIX_LEVEL_2_TRUE='#'
ELIX_LEVEL_3_FALSE=''
ELIX_LEVEL_3_TRUE='#'
ELIX_LEVEL_4_FALSE=''
ELIX_LEVEL_4_TRUE='#'
EXEEXT=''
EXTRA_DIRS=''
FGREP=''
GREP=''
HAVE_DOC_FALSE='#'
HAVE_DOC_TRUE=''
HAVE_LONG_DOUBLE_FALSE='#'
HAVE_LONG_DOUBLE_TRUE=''
INSTALL_DATA='/usr/bin/install -c -m 644'
INSTALL_PROGRAM='/usr/bin/install -c'
INSTALL_SCRIPT='/usr/bin/install -c'
INSTALL_STRIP_PROGRAM='$(install_sh) -c -s'
LD='ld'
LDFLAGS=''
LIBM_MACHINE_OBJECTLIST=''
LIBOBJS=''
LIBS=''
LIBTOOL=''
LIPO='lipo'
LN_S=''
LTLIBOBJS=''
MACHINE_OBJECTLIST='libc/machine/x86_64/objectlist.awk.in'
MAINT='#'
MAINTAINER_MODE_FALSE=''
MAINTAINER_MODE_TRUE='#'
MAKEINFO='makeinfo --split-size=5000000'
MAY_SUPPLY_SYSCALLS_FALSE='#'
MAY_SUPPLY_SYSCALLS_TRUE=''
MKDIR_P='/bin/mkdir -p'
NEWLIB_CFLAGS=' -DMISSING_SYSCALL_NAMES -fno-builtin'
NEWLIB_HW_FP_FALSE=''
NEWLIB_HW_FP_TRUE='#'
NM='nm'
NMEDIT=''
NO_INCLUDE_LIST=' rpc/types.h rpc/xdr.h'
OBJDUMP='objdump'
OBJEXT='o'
OTOOL64=''
OTOOL=''
PACKAGE='newlib'
PACKAGE_BUGREPORT=''
PACKAGE_NAME='newlib'
PACKAGE_STRING='newlib 2.0.0'
PACKAGE_TARNAME='newlib'
PACKAGE_URL=''
PACKAGE_VERSION='2.0.0'
PATH_SEPARATOR=':'
POSIX_OBJECTLIST=''
RANLIB='ranlib'
READELF='readelf'
SED='/bin/sed'
SET_MAKE=''
SHELL='/bin/bash'
SIGNAL_OBJECTLIST='libc/signal/objectlist.awk.in'
STDIO64_OBJECTLIST=''
STRIP='strip'
SYSCALL_OBJECTLIST=''
SYS_MACH_OBJECTLIST=''
SYS_OBJECTLIST='libc/sys/baremetal/objectlist.awk.in'
UNIX_OBJECTLIST=''
USE_LIBTOOL_FALSE=''
USE_LIBTOOL_TRUE='#'
VERSION='2.0.0'
ac_ct_CC=''
ac_ct_DUMPBIN=''
aext='a'
am__EXEEXT_FALSE=''
am__EXEEXT_TRUE='#'
am__fastdepCC_FALSE='#'
am__fastdepCC_TRUE=''
am__include='include'
am__isrc=' -I$(srcdir)'
am__leading_dot='.'
am__nodep='_no'
am__quote=''
am__tar='$${TAR-tar} chof - "$$tardir"'
am__untar='$${TAR-tar} xf -'
bindir='${exec_prefix}/bin'
build='x86_64-unknown-linux-gnu'
build_alias='x86_64-unknown-linux-gnu'
build_cpu='x86_64'
build_os='linux-gnu'
build_vendor='unknown'
datadir='${datarootdir}'
datarootdir='${prefix}/share'
docdir='${datarootdir}/doc/${PACKAGE_TARNAME}'
dvidir='${docdir}'
exec_prefix='${prefix}'
host='x86_64-pc-baremetal'
host_alias='x86_64-pc-baremetal'
host_cpu='x86_64'
host_os='baremetal'
host_vendor='pc'
htmldir='${docdir}'
includedir='${prefix}/include'
infodir='${datarootdir}/info'
install_sh='${SHELL} /home/a/code/bmos/newlib/newlib-2.0.0/install-sh'
libc_cv_initfinit_array='yes'
libdir='${exec_prefix}/lib'
libexecdir='${exec_prefix}/libexec'
libm_machine_dir=''
localedir='${datarootdir}/locale'
localstatedir='${prefix}/var'
lpfx='lib_a-'
machine_dir='x86_64'
mandir='${datarootdir}/man'
mkdir_p='/bin/mkdir -p'
newlib_basedir='../../../newlib-2.0.0/newlib/.'
oext='o'
oldincludedir='/usr/include'
pdfdir='${docdir}'
prefix='/usr/local'
program_transform_name='s&^&x86_64-pc-baremetal-&'
psdir='${docdir}'
sbindir='${exec_prefix}/sbin'
sharedstatedir='${prefix}/com'
subdirs=' libc libm doc'
sys_dir='baremetal'
sysconfdir='${prefix}/etc'
target_alias='x86_64-pc-baremetal'

## ----------- ##
## confdefs.h. ##
## ----------- ##

/* confdefs.h */
#define PACKAGE_NAME "newlib"
#define PACKAGE_TARNAME "newlib"
#define PACKAGE_VERSION "2.0.0"
#define PACKAGE_STRING "newlib 2.0.0"
#define PACKAGE_BUGREPORT ""
#define PACKAGE_URL ""
#define _MB_LEN_MAX 1
#define _NEWLIB_VERSION "2.0.0"
#define _ATEXIT_DYNAMIC_ALLOC 1
#define _FVWRITE_IN_STREAMIO 1
#define _FSEEK_OPTIMIZATION 1
#define _WIDE_ORIENT 1
#define HAVE_INITFINI_ARRAY 1
#define _HAVE_LONG_DOUBLE 1

configure: exit 0
