This file contains any messages produced by compilers while
running configure, to aid debugging if configure makes a mistake.

It was created by libgloss configure LIBGLOSS_VERSION, which was
generated by GNU Autoconf 2.68.  Invocation command line was

  $ /home/a/code/bmos/newlib/newlib-2.0.0/libgloss/configure --cache-file=./config.cache --with-newlib --with-cross-host=x86_64-unknown-linux-gnu --disable-multilib --program-transform-name=s&^&x86_64-pc-baremetal-& --disable-option-checking --with-target-subdir=x86_64-pc-baremetal --build=x86_64-unknown-linux-gnu --host=x86_64-pc-baremetal --target=x86_64-pc-baremetal --srcdir=../../../newlib-2.0.0/libgloss

## --------- ##
## Platform. ##
## --------- ##

hostname = nid
uname -m = x86_64
uname -r = 3.8.0-21-generic
uname -s = Linux
uname -v = #32-Ubuntu SMP Tue May 14 22:16:46 UTC 2013

/usr/bin/uname -p = unknown
/bin/uname -X     = unknown

/bin/arch              = unknown
/usr/bin/arch -k       = unknown
/usr/convex/getsysinfo = unknown
/usr/bin/hostinfo      = unknown
/bin/machine           = unknown
/usr/bin/oslevel       = unknown
/bin/universe          = unknown

PATH: /usr/lib/lightdm/lightdm
PATH: /usr/local/sbin
PATH: /usr/local/bin
PATH: /usr/sbin
PATH: /usr/bin
PATH: /sbin
PATH: /bin
PATH: /usr/games
PATH: /usr/local/games


## ----------- ##
## Core tests. ##
## ----------- ##

configure:1731: creating cache ./config.cache
configure:1863: checking for a BSD-compatible install
configure:1931: result: /usr/bin/install -c
configure:1947: checking build system type
configure:1961: result: x86_64-unknown-linux-gnu
configure:1981: checking host system type
configure:1994: result: x86_64-pc-baremetal
configure:2014: checking target system type
configure:2027: result: x86_64-pc-baremetal
configure:2055: checking whether build environment is sane
configure:2092: result: yes
configure:2154: checking for gawk
configure:2181: result: mawk
configure:2192: checking whether make sets $(MAKE)
configure:2214: result: yes
configure:2279: checking for x86_64-pc-baremetal-strip
configure:2306: result: strip
configure:2578: checking for style of include used by make
configure:2606: result: GNU
configure:2633: checking for gcc
configure:2660: result: cc -B/home/a/code/bmos/newlib/build/x86_64-pc-baremetal/newlib/ -isystem /home/a/code/bmos/newlib/build/x86_64-pc-baremetal/newlib/targ-include -isystem /home/a/code/bmos/newlib/newlib-2.0.0/newlib/libc/include -B/home/a/code/bmos/newlib/build/x86_64-pc-baremetal/libgloss/x86_64 -L/home/a/code/bmos/newlib/build/x86_64-pc-baremetal/libgloss/libnosys -L/home/a/code/bmos/newlib/newlib-2.0.0/libgloss/x86_64   
configure:2671: checking dependency style of cc -B/home/a/code/bmos/newlib/build/x86_64-pc-baremetal/newlib/ -isystem /home/a/code/bmos/newlib/build/x86_64-pc-baremetal/newlib/targ-include -isystem /home/a/code/bmos/newlib/newlib-2.0.0/newlib/libc/include -B/home/a/code/bmos/newlib/build/x86_64-pc-baremetal/libgloss/x86_64 -L/home/a/code/bmos/newlib/build/x86_64-pc-baremetal/libgloss/libnosys -L/home/a/code/bmos/newlib/newlib-2.0.0/libgloss/x86_64   
configure:2761: result: gcc3
configure:2836: checking whether we are using GNU C
configure:2847: cc -B/home/a/code/bmos/newlib/build/x86_64-pc-baremetal/newlib/ -isystem /home/a/code/bmos/newlib/build/x86_64-pc-baremetal/newlib/targ-include -isystem /home/a/code/bmos/newlib/newlib-2.0.0/newlib/libc/include -B/home/a/code/bmos/newlib/build/x86_64-pc-baremetal/libgloss/x86_64 -L/home/a/code/bmos/newlib/build/x86_64-pc-baremetal/libgloss/libnosys -L/home/a/code/bmos/newlib/newlib-2.0.0/libgloss/x86_64    -E conftest.c
configure:2850: $? = 0
configure:2857: result: yes
configure:2867: checking whether cc -B/home/a/code/bmos/newlib/build/x86_64-pc-baremetal/newlib/ -isystem /home/a/code/bmos/newlib/build/x86_64-pc-baremetal/newlib/targ-include -isystem /home/a/code/bmos/newlib/newlib-2.0.0/newlib/libc/include -B/home/a/code/bmos/newlib/build/x86_64-pc-baremetal/libgloss/x86_64 -L/home/a/code/bmos/newlib/build/x86_64-pc-baremetal/libgloss/libnosys -L/home/a/code/bmos/newlib/newlib-2.0.0/libgloss/x86_64    accepts -g
configure:2887: cc -B/home/a/code/bmos/newlib/build/x86_64-pc-baremetal/newlib/ -isystem /home/a/code/bmos/newlib/build/x86_64-pc-baremetal/newlib/targ-include -isystem /home/a/code/bmos/newlib/newlib-2.0.0/newlib/libc/include -B/home/a/code/bmos/newlib/build/x86_64-pc-baremetal/libgloss/x86_64 -L/home/a/code/bmos/newlib/build/x86_64-pc-baremetal/libgloss/libnosys -L/home/a/code/bmos/newlib/newlib-2.0.0/libgloss/x86_64    -c -g  conftest.c >&5
configure:2887: $? = 0
configure: failed program was:
| /* confdefs.h */
| #define PACKAGE_NAME "libgloss"
| #define PACKAGE_TARNAME "libgloss"
| #define PACKAGE_VERSION "LIBGLOSS_VERSION"
| #define PACKAGE_STRING "libgloss LIBGLOSS_VERSION"
| #define PACKAGE_BUGREPORT ""
| #define PACKAGE_URL ""
| /* end confdefs.h.  */
| 
| int
| main ()
| {
| 
|   ;
|   return 0;
| }
configure:2902: cc -B/home/a/code/bmos/newlib/build/x86_64-pc-baremetal/newlib/ -isystem /home/a/code/bmos/newlib/build/x86_64-pc-baremetal/newlib/targ-include -isystem /home/a/code/bmos/newlib/newlib-2.0.0/newlib/libc/include -B/home/a/code/bmos/newlib/build/x86_64-pc-baremetal/libgloss/x86_64 -L/home/a/code/bmos/newlib/build/x86_64-pc-baremetal/libgloss/libnosys -L/home/a/code/bmos/newlib/newlib-2.0.0/libgloss/x86_64    -c   conftest.c >&5
configure:2902: $? = 0
configure: failed program was:
| /* confdefs.h */
| #define PACKAGE_NAME "libgloss"
| #define PACKAGE_TARNAME "libgloss"
| #define PACKAGE_VERSION "LIBGLOSS_VERSION"
| #define PACKAGE_STRING "libgloss LIBGLOSS_VERSION"
| #define PACKAGE_BUGREPORT ""
| #define PACKAGE_URL ""
| /* end confdefs.h.  */
| 
| int
| main ()
| {
| 
|   ;
|   return 0;
| }
configure:2918: cc -B/home/a/code/bmos/newlib/build/x86_64-pc-baremetal/newlib/ -isystem /home/a/code/bmos/newlib/build/x86_64-pc-baremetal/newlib/targ-include -isystem /home/a/code/bmos/newlib/newlib-2.0.0/newlib/libc/include -B/home/a/code/bmos/newlib/build/x86_64-pc-baremetal/libgloss/x86_64 -L/home/a/code/bmos/newlib/build/x86_64-pc-baremetal/libgloss/libnosys -L/home/a/code/bmos/newlib/newlib-2.0.0/libgloss/x86_64    -c -g  conftest.c >&5
configure:2918: $? = 0
configure: failed program was:
| /* confdefs.h */
| #define PACKAGE_NAME "libgloss"
| #define PACKAGE_TARNAME "libgloss"
| #define PACKAGE_VERSION "LIBGLOSS_VERSION"
| #define PACKAGE_STRING "libgloss LIBGLOSS_VERSION"
| #define PACKAGE_BUGREPORT ""
| #define PACKAGE_URL ""
| /* end confdefs.h.  */
| 
| int
| main ()
| {
| 
|   ;
|   return 0;
| }
configure:2928: result: no
configure:2961: checking for ar
configure:2989: result: ar
configure:3004: checking for x86_64-pc-baremetal-ranlib
configure:3031: result: ranlib
configure:3181: updating cache ./config.cache
configure:3274: creating ./config.status

## ---------------------- ##
## Running config.status. ##
## ---------------------- ##

This file was extended by libgloss config.status LIBGLOSS_VERSION, which was
generated by GNU Autoconf 2.68.  Invocation command line was

  CONFIG_FILES    = 
  CONFIG_HEADERS  = 
  CONFIG_LINKS    = 
  CONFIG_COMMANDS = 
  $ ./config.status 

on nid

config.status:827: creating Makefile
config.status:983: executing depfiles commands
configure:4516: === configuring in doc (/home/a/code/bmos/newlib/build/x86_64-pc-baremetal/libgloss/doc)
configure:4579: running /bin/bash ../../../../newlib-2.0.0/libgloss/doc/configure --disable-option-checking '--prefix=/usr/local'  '--with-newlib' '--with-cross-host=x86_64-unknown-linux-gnu' '--disable-multilib' '--program-transform-name=s&^&x86_64-pc-baremetal-&' '--with-target-subdir=x86_64-pc-baremetal' '--build=x86_64-unknown-linux-gnu' '--host=x86_64-pc-baremetal' '--target=x86_64-pc-baremetal' 'build_alias=x86_64-unknown-linux-gnu' 'host_alias=x86_64-pc-baremetal' 'target_alias=x86_64-pc-baremetal' --cache-file=.././config.cache --srcdir=../../../../newlib-2.0.0/libgloss/doc
configure:4516: === configuring in libnosys (/home/a/code/bmos/newlib/build/x86_64-pc-baremetal/libgloss/libnosys)
configure:4579: running /bin/bash ../../../../newlib-2.0.0/libgloss/libnosys/configure --disable-option-checking '--prefix=/usr/local'  '--with-newlib' '--with-cross-host=x86_64-unknown-linux-gnu' '--disable-multilib' '--program-transform-name=s&^&x86_64-pc-baremetal-&' '--with-target-subdir=x86_64-pc-baremetal' '--build=x86_64-unknown-linux-gnu' '--host=x86_64-pc-baremetal' '--target=x86_64-pc-baremetal' 'build_alias=x86_64-unknown-linux-gnu' 'host_alias=x86_64-pc-baremetal' 'target_alias=x86_64-pc-baremetal' --cache-file=.././config.cache --srcdir=../../../../newlib-2.0.0/libgloss/libnosys

## ---------------- ##
## Cache variables. ##
## ---------------- ##

ac_cv_build=x86_64-unknown-linux-gnu
ac_cv_c_compiler_gnu=yes
ac_cv_env_CCASFLAGS_set=
ac_cv_env_CCASFLAGS_value=
ac_cv_env_CCAS_set=
ac_cv_env_CCAS_value=
ac_cv_env_build_alias_set=set
ac_cv_env_build_alias_value=x86_64-unknown-linux-gnu
ac_cv_env_host_alias_set=set
ac_cv_env_host_alias_value=x86_64-pc-baremetal
ac_cv_env_target_alias_set=set
ac_cv_env_target_alias_value=x86_64-pc-baremetal
ac_cv_host=x86_64-pc-baremetal
ac_cv_prog_AR=ar
ac_cv_prog_AWK=mawk
ac_cv_prog_CC='cc -B/home/a/code/bmos/newlib/build/x86_64-pc-baremetal/newlib/ -isystem /home/a/code/bmos/newlib/build/x86_64-pc-baremetal/newlib/targ-include -isystem /home/a/code/bmos/newlib/newlib-2.0.0/newlib/libc/include -B/home/a/code/bmos/newlib/build/x86_64-pc-baremetal/libgloss/x86_64 -L/home/a/code/bmos/newlib/build/x86_64-pc-baremetal/libgloss/libnosys -L/home/a/code/bmos/newlib/newlib-2.0.0/libgloss/x86_64   '
ac_cv_prog_RANLIB=ranlib
ac_cv_prog_STRIP=strip
ac_cv_prog_cc_g=no
ac_cv_prog_make_make_set=yes
ac_cv_target=x86_64-pc-baremetal
am_cv_CC_dependencies_compiler_type=gcc3

## ----------------- ##
## Output variables. ##
## ----------------- ##

ACLOCAL='${SHELL} /home/a/code/bmos/newlib/newlib-2.0.0/missing --run aclocal-1.9'
AMDEPBACKSLASH='\'
AMDEP_FALSE='#'
AMDEP_TRUE=''
AMTAR='${SHELL} /home/a/code/bmos/newlib/newlib-2.0.0/missing --run tar'
AR='ar'
AS='as'
AUTOCONF='${SHELL} /home/a/code/bmos/newlib/newlib-2.0.0/missing --run autoconf'
AUTOHEADER='${SHELL} /home/a/code/bmos/newlib/newlib-2.0.0/missing --run autoheader'
AUTOMAKE='${SHELL} /home/a/code/bmos/newlib/newlib-2.0.0/missing --run automake-1.9'
AWK='mawk'
CC='cc -B/home/a/code/bmos/newlib/build/x86_64-pc-baremetal/newlib/ -isystem /home/a/code/bmos/newlib/build/x86_64-pc-baremetal/newlib/targ-include -isystem /home/a/code/bmos/newlib/newlib-2.0.0/newlib/libc/include -B/home/a/code/bmos/newlib/build/x86_64-pc-baremetal/libgloss/x86_64 -L/home/a/code/bmos/newlib/build/x86_64-pc-baremetal/libgloss/libnosys -L/home/a/code/bmos/newlib/newlib-2.0.0/libgloss/x86_64   '
CCAS='cc -B/home/a/code/bmos/newlib/build/x86_64-pc-baremetal/newlib/ -isystem /home/a/code/bmos/newlib/build/x86_64-pc-baremetal/newlib/targ-include -isystem /home/a/code/bmos/newlib/newlib-2.0.0/newlib/libc/include -B/home/a/code/bmos/newlib/build/x86_64-pc-baremetal/libgloss/x86_64 -L/home/a/code/bmos/newlib/build/x86_64-pc-baremetal/libgloss/libnosys -L/home/a/code/bmos/newlib/newlib-2.0.0/libgloss/x86_64   '
CCASFLAGS=''
CCDEPMODE='depmode=gcc3'
CYGPATH_W='echo'
DEFS='-DPACKAGE_NAME=\"libgloss\" -DPACKAGE_TARNAME=\"libgloss\" -DPACKAGE_VERSION=\"LIBGLOSS_VERSION\" -DPACKAGE_STRING=\"libgloss\ LIBGLOSS_VERSION\" -DPACKAGE_BUGREPORT=\"\" -DPACKAGE_URL=\"\"'
DEPDIR='.deps'
ECHO_C=''
ECHO_N='-n'
ECHO_T=''
INSTALL_DATA='/usr/bin/install -c -m 644'
INSTALL_PROGRAM='/usr/bin/install -c'
INSTALL_SCRIPT='/usr/bin/install -c'
INSTALL_STRIP_PROGRAM='${SHELL} $(install_sh) -c -s'
LD='ld'
LIBOBJS=''
LIBS=''
LTLIBOBJS=''
MAKEINFO='makeinfo --split-size=5000000'
PACKAGE='libgloss'
PACKAGE_BUGREPORT=''
PACKAGE_NAME='libgloss'
PACKAGE_STRING='libgloss LIBGLOSS_VERSION'
PACKAGE_TARNAME='libgloss'
PACKAGE_URL=''
PACKAGE_VERSION='LIBGLOSS_VERSION'
PATH_SEPARATOR=':'
RANLIB='ranlib'
SET_MAKE=''
SHELL='/bin/bash'
STRIP='strip'
VERSION='LIBGLOSS_VERSION'
am__fastdepCC_FALSE='#'
am__fastdepCC_TRUE=''
am__include='include'
am__leading_dot='.'
am__quote=''
am__tar='${AMTAR} chof - "$$tardir"'
am__untar='${AMTAR} xf -'
bindir='${exec_prefix}/bin'
build='x86_64-unknown-linux-gnu'
build_alias='x86_64-unknown-linux-gnu'
build_cpu='x86_64'
build_os='linux-gnu'
build_vendor='unknown'
datadir='${datarootdir}'
datarootdir='${prefix}/share'
docdir='${datarootdir}/doc/${PACKAGE_TARNAME}'
dvidir='${docdir}'
exec_prefix='${prefix}'
host='x86_64-pc-baremetal'
host_alias='x86_64-pc-baremetal'
host_cpu='x86_64'
host_makefile_frag_path='../../../newlib-2.0.0/libgloss/config/default.mh'
host_os='baremetal'
host_vendor='pc'
htmldir='${docdir}'
includedir='${prefix}/include'
infodir='${datarootdir}/info'
install_sh='/home/a/code/bmos/newlib/newlib-2.0.0/install-sh'
libdir='${exec_prefix}/lib'
libexecdir='${exec_prefix}/libexec'
localedir='${datarootdir}/locale'
localstatedir='${prefix}/var'
mandir='${datarootdir}/man'
mkdir_p='mkdir -p --'
oldincludedir='/usr/include'
pdfdir='${docdir}'
prefix='/usr/local'
program_transform_name='s&^&x86_64-pc-baremetal-&'
psdir='${docdir}'
sbindir='${exec_prefix}/sbin'
sharedstatedir='${prefix}/com'
subdirs=' doc libnosys'
sysconfdir='${prefix}/etc'
target='x86_64-pc-baremetal'
target_alias='x86_64-pc-baremetal'
target_cpu='x86_64'
target_os='baremetal'
target_vendor='pc'

## ------------------- ##
## File substitutions. ##
## ------------------- ##

host_makefile_frag='../../../newlib-2.0.0/libgloss/config/default.mh'

## ----------- ##
## confdefs.h. ##
## ----------- ##

/* confdefs.h */
#define PACKAGE_NAME "libgloss"
#define PACKAGE_TARNAME "libgloss"
#define PACKAGE_VERSION "LIBGLOSS_VERSION"
#define PACKAGE_STRING "libgloss LIBGLOSS_VERSION"
#define PACKAGE_BUGREPORT ""
#define PACKAGE_URL ""

configure: exit 0
